Using pre-set license
Built from '2021.3/staging' branch; Version is '2021.3.41f1 (6c5a9e20c022) revision 7101086'; Using compiler version '192829333'; Build Type 'Release'
OS: 'Windows 11  (10.0.22631) 64bit CoreSingleLanguage' Language: 'en' Physical Memory: 16107 MB
BatchMode: 1, IsHumanControllingUs: 0, StartBugReporterOnCrash: 0, Is64bit: 1, IsPro: 1

COMMAND LINE ARGUMENTS:
C:\Program Files\Unity\Hub\Editor\2021.3.41f1\Editor\Unity.exe
-adb2
-batchMode
-noUpm
-name
AssetImportWorker5
-projectPath
C:/Users/rithv/Documents/ARTEMIS/ARGO/ARTEMIS
-logFile
Logs/AssetImportWorker5.log
-srvPort
54389
Successfully changed project path to: C:/Users/rithv/Documents/ARTEMIS/ARGO/ARTEMIS
C:/Users/rithv/Documents/ARTEMIS/ARGO/ARTEMIS
[UnityMemory] Configuration Parameters - Can be set up in boot.config
    "memorysetup-bucket-allocator-granularity=16"
    "memorysetup-bucket-allocator-bucket-count=8"
    "memorysetup-bucket-allocator-block-size=33554432"
    "memorysetup-bucket-allocator-block-count=8"
    "memorysetup-main-allocator-block-size=16777216"
    "memorysetup-thread-allocator-block-size=16777216"
    "memorysetup-gfx-main-allocator-block-size=16777216"
    "memorysetup-gfx-thread-allocator-block-size=16777216"
    "memorysetup-cache-allocator-block-size=4194304"
    "memorysetup-typetree-allocator-block-size=2097152"
    "memorysetup-profiler-bucket-allocator-granularity=16"
    "memorysetup-profiler-bucket-allocator-bucket-count=8"
    "memorysetup-profiler-bucket-allocator-block-size=33554432"
    "memorysetup-profiler-bucket-allocator-block-count=8"
    "memorysetup-profiler-allocator-block-size=16777216"
    "memorysetup-profiler-editor-allocator-block-size=1048576"
    "memorysetup-temp-allocator-size-main=16777216"
    "memorysetup-job-temp-allocator-block-size=2097152"
    "memorysetup-job-temp-allocator-block-size-background=1048576"
    "memorysetup-job-temp-allocator-reduction-small-platforms=262144"
    "memorysetup-temp-allocator-size-background-worker=32768"
    "memorysetup-temp-allocator-size-job-worker=262144"
    "memorysetup-temp-allocator-size-preload-manager=33554432"
    "memorysetup-temp-allocator-size-nav-mesh-worker=65536"
    "memorysetup-temp-allocator-size-audio-worker=65536"
    "memorysetup-temp-allocator-size-cloud-worker=32768"
    "memorysetup-temp-allocator-size-gi-baking-worker=262144"
    "memorysetup-temp-allocator-size-gfx=262144"
Player connection [38476] Host "[IP] 192.168.0.124 [Port] 0 [Flags] 2 [Guid] 3096782691 [EditorId] 3096782691 [Version] 1048832 [Id] WindowsEditor(7,Atlantis) [Debug] 1 [PackageName] WindowsEditor [ProjectName] Editor" joined multi-casting on [225.0.0.222:54997]...

Player connection [38476] Host "[IP] 192.168.0.124 [Port] 0 [Flags] 2 [Guid] 3096782691 [EditorId] 3096782691 [Version] 1048832 [Id] WindowsEditor(7,Atlantis) [Debug] 1 [PackageName] WindowsEditor [ProjectName] Editor" joined alternative multi-casting on [225.0.0.222:34997]...

[Physics::Module] Initialized MultithreadedJobDispatcher with {0} workers.
Refreshing native plugins compatible for Editor in 63.37 ms, found 12 plugins.
Preloading 1 native plugins for Editor in 0.51 ms.
Initialize engine version: 2021.3.41f1 (6c5a9e20c022)
[Subsystems] Discovering subsystems at path C:/Program Files/Unity/Hub/Editor/2021.3.41f1/Editor/Data/Resources/UnitySubsystems
[Subsystems] Discovering subsystems at path C:/Users/rithv/Documents/ARTEMIS/ARGO/ARTEMIS/Assets
GfxDevice: creating device client; threaded=0; jobified=0
Direct3D:
    Version:  Direct3D 11.0 [level 11.1]
    Renderer: NVIDIA GeForce RTX 4060 Laptop GPU (ID=0x28e0)
    Vendor:   NVIDIA
    VRAM:     7957 MB
    Driver:   31.0.15.5183
Initialize mono
Mono path[0] = 'C:/Program Files/Unity/Hub/Editor/2021.3.41f1/Editor/Data/Managed'
Mono path[1] = 'C:/Program Files/Unity/Hub/Editor/2021.3.41f1/Editor/Data/MonoBleedingEdge/lib/mono/unityjit-win32'
Mono config path = 'C:/Program Files/Unity/Hub/Editor/2021.3.41f1/Editor/Data/MonoBleedingEdge/etc'
Using monoOptions --debugger-agent=transport=dt_socket,embedding=1,server=y,suspend=n,address=127.0.0.1:56668
Begin MonoManager ReloadAssembly
Registering precompiled unity dll's ...
Register platform support module: C:/Program Files/Unity/Hub/Editor/2021.3.41f1/Editor/Data/PlaybackEngines/WebGLSupport/UnityEditor.WebGL.Extensions.dll
Register platform support module: C:/Program Files/Unity/Hub/Editor/2021.3.41f1/Editor/Data/PlaybackEngines/AndroidPlayer/UnityEditor.Android.Extensions.dll
Register platform support module: C:/Program Files/Unity/Hub/Editor/2021.3.41f1/Editor/Data/PlaybackEngines/WindowsStandaloneSupport/UnityEditor.WindowsStandalone.Extensions.dll
Registered in 0.003929 seconds.
Native extension for WindowsStandalone target not found
Native extension for Android target not found
Android Extension - Scanning For ADB Devices 332 ms
Native extension for WebGL target not found
Refreshing native plugins compatible for Editor in 56.28 ms, found 12 plugins.
Preloading 1 native plugins for Editor in 0.06 ms.
Mono: successfully reloaded assembly
- Completed reload, in  0.747 seconds
Domain Reload Profiling:
	ReloadAssembly (747ms)
		BeginReloadAssembly (60ms)
			ExecutionOrderSort (0ms)
			DisableScriptedObjects (0ms)
			BackupInstance (0ms)
			ReleaseScriptingObjects (0ms)
			CreateAndSetChildDomain (0ms)
		EndReloadAssembly (631ms)
			LoadAssemblies (58ms)
			RebuildTransferFunctionScriptingTraits (0ms)
			SetupTypeCache (64ms)
			ReleaseScriptCaches (0ms)
			RebuildScriptCaches (15ms)
			SetupLoadedEditorAssemblies (526ms)
				LogAssemblyErrors (0ms)
				InitializePlatformSupportModulesInManaged (396ms)
				SetLoadedEditorAssemblies (0ms)
				RefreshPlugins (56ms)
				BeforeProcessingInitializeOnLoad (1ms)
				ProcessInitializeOnLoadAttributes (50ms)
				ProcessInitializeOnLoadMethodAttributes (23ms)
				AfterProcessingInitializeOnLoad (0ms)
				EditorAssembliesLoaded (0ms)
			ExecutionOrderSort2 (0ms)
			AwakeInstancesAfterBackupRestoration (0ms)
Platform modules already initialized, skipping
Registering precompiled user dll's ...
Registered in 0.006051 seconds.
Begin MonoManager ReloadAssembly
Native extension for WindowsStandalone target not found
Native extension for Android target not found
Native extension for WebGL target not found
Refreshing native plugins compatible for Editor in 57.25 ms, found 12 plugins.
Preloading 1 native plugins for Editor in 0.07 ms.
System.Exception: Error! Visual Scripting: couldn't find visual scripting package
  at Unity.VisualScripting.PackageVersionUtility.get_version () [0x00043] in C:\Users\rithv\Documents\ARTEMIS\ARGO\ARTEMIS\Library\PackageCache\com.unity.visualscripting@1.9.4\Editor\VisualScripting.Core\Utilities\PackageVersionUtility.cs:31 
  at Unity.VisualScripting.BoltCoreManifest.get_version () [0x00000] in C:\Users\rithv\Documents\ARTEMIS\ARGO\ARTEMIS\Library\PackageCache\com.unity.visualscripting@1.9.4\Editor\VisualScripting.Core\Plugin\BoltCoreManifest.cs:11 
  at Unity.VisualScripting.PluginManifest.get_currentVersion () [0x00000] in C:\Users\rithv\Documents\ARTEMIS\ARGO\ARTEMIS\Library\PackageCache\com.unity.visualscripting@1.9.4\Editor\VisualScripting.Core\Plugins\PluginManifest.cs:33 
  at Unity.VisualScripting.PluginManifest.get_versionMismatch () [0x00000] in C:\Users\rithv\Documents\ARTEMIS\ARGO\ARTEMIS\Library\PackageCache\com.unity.visualscripting@1.9.4\Editor\VisualScripting.Core\Plugins\PluginManifest.cs:48 
  at Unity.VisualScripting.PluginContainer.Initialize () [0x00525] in C:\Users\rithv\Documents\ARTEMIS\ARGO\ARTEMIS\Library\PackageCache\com.unity.visualscripting@1.9.4\Editor\VisualScripting.Core\Plugins\PluginContainer.cs:208 
  at Unity.VisualScripting.PluginContainer.InitializeOnLoad () [0x00009] in C:\Users\rithv\Documents\ARTEMIS\ARGO\ARTEMIS\Library\PackageCache\com.unity.visualscripting@1.9.4\Editor\VisualScripting.Core\Plugins\PluginContainer.cs:32 
  at Unity.VisualScripting.VSUsageUtility.DoInitializeOnLoadCalls () [0x00034] in C:\Users\rithv\Documents\ARTEMIS\ARGO\ARTEMIS\Library\PackageCache\com.unity.visualscripting@1.9.4\Editor\VisualScripting.Core\Utilities\VSUsageUtility.cs:76 
  at Unity.VisualScripting.VSUsageUtility.set_isVisualScriptingUsed (System.Boolean value) [0x0002c] in C:\Users\rithv\Documents\ARTEMIS\ARGO\ARTEMIS\Library\PackageCache\com.unity.visualscripting@1.9.4\Editor\VisualScripting.Core\Utilities\VSUsageUtility.cs:114 
  at Unity.VisualScripting.VSUsageUtility.CheckAndSetIsVisualScriptingUsed () [0x00032] in C:\Users\rithv\Documents\ARTEMIS\ARGO\ARTEMIS\Library\PackageCache\com.unity.visualscripting@1.9.4\Editor\VisualScripting.Core\Utilities\VSUsageUtility.cs:48 
  at Unity.VisualScripting.VSUsageUtility..cctor () [0x00000] in C:\Users\rithv\Documents\ARTEMIS\ARGO\ARTEMIS\Library\PackageCache\com.unity.visualscripting@1.9.4\Editor\VisualScripting.Core\Utilities\VSUsageUtility.cs:22 
UnityEngine.StackTraceUtility:ExtractStackTrace ()
UnityEngine.DebugLogHandler:LogFormat (UnityEngine.LogType,UnityEngine.Object,string,object[])
UnityEngine.Logger:Log (UnityEngine.LogType,object)
UnityEngine.Debug:LogError (object)
UnityEditor.EditorAssemblies:ProcessInitializeOnLoadAttributes (System.Type[])

Package Manager log level set to [2]
[Package Manager] Server::EnsureServerProcessIsRunning -- launch failed, reason: Unity was launched with the -noUpm command-line argument
[Package Manager] Cannot connect to Unity Package Manager local server
[Package Manager] Server::EnsureServerProcessIsRunning -- launch failed, reason: Unity was launched with the -noUpm command-line argument
[Package Manager] Cannot connect to Unity Package Manager local server
System.Reflection.TargetInvocationException: Exception has been thrown by the target of an invocation. ---> System.NullReferenceException: Object reference not set to an instance of an object
  at Unity.XR.Oculus.OculusLoader.AssetPathToAbsolutePath (System.String assetPath) [0x0003d] in C:\Users\rithv\Documents\ARTEMIS\ARGO\ARTEMIS\Library\PackageCache\com.unity.xr.oculus@3.4.0\Runtime\OculusLoader.cs:287 
  at Unity.XR.Oculus.OculusLoader.EditorLoadOVRPlugin () [0x00084] in C:\Users\rithv\Documents\ARTEMIS\ARGO\ARTEMIS\Library\PackageCache\com.unity.xr.oculus@3.4.0\Runtime\OculusLoader.cs:272 
  at (wrapper managed-to-native) System.Reflection.RuntimeMethodInfo.InternalInvoke(System.Reflection.RuntimeMethodInfo,object,object[],System.Exception&)
  at System.Reflection.RuntimeMethodInfo.Invoke (System.Object obj, System.Reflection.BindingFlags invokeAttr, System.Reflection.Binder binder, System.Object[] parameters, System.Globalization.CultureInfo culture) [0x0006a] in <487e528c992b4333913a4cf415048a57>:0 
   --- End of inner exception stack trace ---
  at System.Reflection.RuntimeMethodInfo.Invoke (System.Object obj, System.Reflection.BindingFlags invokeAttr, System.Reflection.Binder binder, System.Object[] parameters, System.Globalization.CultureInfo culture) [0x00083] in <487e528c992b4333913a4cf415048a57>:0 
  at System.Reflection.MethodBase.Invoke (System.Object obj, System.Object[] parameters) [0x00000] in <487e528c992b4333913a4cf415048a57>:0 
  at UnityEditor.EditorAssemblies.ProcessInitializeOnLoadMethodAttributes () [0x000a5] in <41e5d835fcc44171a345bfc23f1271b9>:0 
UnityEngine.StackTraceUtility:ExtractStackTrace ()
UnityEngine.DebugLogHandler:LogFormat (UnityEngine.LogType,UnityEngine.Object,string,object[])
UnityEngine.Logger:Log (UnityEngine.LogType,object)
UnityEngine.Debug:LogError (object)
UnityEditor.EditorAssemblies:ProcessInitializeOnLoadMethodAttributes ()

Mono: successfully reloaded assembly
- Completed reload, in  1.361 seconds
Domain Reload Profiling:
	ReloadAssembly (1361ms)
		BeginReloadAssembly (74ms)
			ExecutionOrderSort (0ms)
			DisableScriptedObjects (3ms)
			BackupInstance (0ms)
			ReleaseScriptingObjects (0ms)
			CreateAndSetChildDomain (12ms)
		EndReloadAssembly (1224ms)
			LoadAssemblies (69ms)
			RebuildTransferFunctionScriptingTraits (0ms)
			SetupTypeCache (169ms)
			ReleaseScriptCaches (0ms)
			RebuildScriptCaches (44ms)
			SetupLoadedEditorAssemblies (928ms)
				LogAssemblyErrors (0ms)
				InitializePlatformSupportModulesInManaged (12ms)
				SetLoadedEditorAssemblies (0ms)
				RefreshPlugins (57ms)
				BeforeProcessingInitializeOnLoad (51ms)
				ProcessInitializeOnLoadAttributes (742ms)
				ProcessInitializeOnLoadMethodAttributes (61ms)
				AfterProcessingInitializeOnLoad (4ms)
				EditorAssembliesLoaded (0ms)
			ExecutionOrderSort2 (0ms)
			AwakeInstancesAfterBackupRestoration (3ms)
Platform modules already initialized, skipping
========================================================================
Worker process is ready to serve import requests
Launched and connected shader compiler UnityShaderCompiler.exe after 0.04 seconds
Refreshing native plugins compatible for Editor in 0.90 ms, found 12 plugins.
Preloading 1 native plugins for Editor in 0.06 ms.
Unloading 6050 Unused Serialized files (Serialized files now loaded: 0)
Unloading 71 unused Assets / (0.7 MB). Loaded Objects now: 6513.
Memory consumption went from 245.2 MB to 244.4 MB.
Total: 8.505600 ms (FindLiveObjects: 0.280700 ms CreateObjectMapping: 0.102800 ms MarkObjects: 7.896400 ms  DeleteObjects: 0.225100 ms)

AssetImportParameters requested are different than current active one (requested -> active):
  custom:video-decoder-ogg-theora: a1e56fd34408186e4bbccfd4996cb3dc -> 
  custom:container-muxer-webm: aa71ff27fc2769a1b78a27578f13a17b -> 
  custom:container-demuxer-webm: 4f35f7cbe854078d1ac9338744f61a02 -> 
  custom:video-encoder-webm-vp8: eb34c28f22e8b96e1ab97ce403110664 -> 
  custom:video-codec-MediaFoundation-h265: 746d11721c4dcdbdad8f713fa42b33f4 -> 
  custom:CustomObjectIndexerAttribute: 6b0e35c9178b02a6363f3721b7b8e397 -> 
  custom:audio-encoder-webm-vorbis: bf7c407c2cedff20999df2af8eb42d56 -> 
  custom:framework-win-MediaFoundation: 216162199b28c13a410421893ffa2e32 -> 
  custom:SearchIndexIgnoredProperties: e643bd26f0fe6173181afceb89e7c659 -> 
  custom:container-demuxer-ogg: 62fdf1f143b41e24485cea50d1cbac27 -> 
  custom:video-decoder-webm-vp8: 9c59270c3fd7afecdb556c50c9e8de78 -> 
  custom:audio-decoder-ogg-vorbis: bf7c407c2cedff20999df2af8eb42d56 -> 
========================================================================
Received Import Request.
  Time since last request: 390630.759990 seconds.
  path: Assets/logos&nameplaques/bacteriophage 1.png
  artifactKey: Guid(4bb092ceb39133144839e4ae0e5cb365) Importer(815301076,1909f56bfc062723c751e8b465ee728b)
Number of updated assets reloaded before import = 0
Start importing Assets/logos&nameplaques/bacteriophage 1.png using Guid(4bb092ceb39133144839e4ae0e5cb365) Importer(815301076,1909f56bfc062723c751e8b465ee728b)  -> (artifact id: 'f778cefb98c0c8e8b5028927c96ca839') in 0.070659 seconds 
Number of asset objects unloaded after import = 2
========================================================================
Received Import Request.
  Time since last request: 0.000023 seconds.
  path: Assets/logos&nameplaques/fungus 1.png
  artifactKey: Guid(8e9f05027be58304584b7d9f2b5be0ad) Importer(815301076,1909f56bfc062723c751e8b465ee728b)
Number of updated assets reloaded before import = 0
Start importing Assets/logos&nameplaques/fungus 1.png using Guid(8e9f05027be58304584b7d9f2b5be0ad) Importer(815301076,1909f56bfc062723c751e8b465ee728b)  -> (artifact id: '33936ab6a67b59fa1514181eac95ced5') in 0.008726 seconds 
Number of asset objects unloaded after import = 2
========================================================================
Received Import Request.
  Time since last request: 0.000018 seconds.
  path: Assets/logos&nameplaques/Group 26.png
  artifactKey: Guid(22d656043aaa68842907c6a45c57a87a) Importer(815301076,1909f56bfc062723c751e8b465ee728b)
Number of updated assets reloaded before import = 0
Start importing Assets/logos&nameplaques/Group 26.png using Guid(22d656043aaa68842907c6a45c57a87a) Importer(815301076,1909f56bfc062723c751e8b465ee728b)  -> (artifact id: 'ab0e0912db39af63ef2249fcfdc5de74') in 0.007048 seconds 
Number of asset objects unloaded after import = 2
========================================================================
Received Import Request.
  Time since last request: 1221.781204 seconds.
  path: Assets/Scenario3/medal.png
  artifactKey: Guid(3d80839bf5827eb48a890a72f7bb44d8) Importer(815301076,1909f56bfc062723c751e8b465ee728b)
Number of updated assets reloaded before import = 0
Start importing Assets/Scenario3/medal.png using Guid(3d80839bf5827eb48a890a72f7bb44d8) Importer(815301076,1909f56bfc062723c751e8b465ee728b)  -> (artifact id: 'd4537f7e70b381b68c6335be240f6cec') in 0.039640 seconds 
Number of asset objects unloaded after import = 2
========================================================================
Received Import Request.
  Time since last request: 7.835790 seconds.
  path: Assets/Scenario3/medal.png
  artifactKey: Guid(3d80839bf5827eb48a890a72f7bb44d8) Importer(815301076,1909f56bfc062723c751e8b465ee728b)
Number of updated assets reloaded before import = 0
Start importing Assets/Scenario3/medal.png using Guid(3d80839bf5827eb48a890a72f7bb44d8) Importer(815301076,1909f56bfc062723c751e8b465ee728b)  -> (artifact id: '8c3d341da141815e06a1007e55bdda37') in 0.087845 seconds 
Number of asset objects unloaded after import = 3
========================================================================
Received Import Request.
  Time since last request: 1212.627542 seconds.
  path: Assets/Scenario 3 Audio/ttsmaker-file-2024-8-2-4-18-55.mp3
  artifactKey: Guid(b5ce57b433249f241b6d0516d2d06f16) Importer(815301076,1909f56bfc062723c751e8b465ee728b)
Number of updated assets reloaded before import = 0
Start importing Assets/Scenario 3 Audio/ttsmaker-file-2024-8-2-4-18-55.mp3 using Guid(b5ce57b433249f241b6d0516d2d06f16) Importer(815301076,1909f56bfc062723c751e8b465ee728b)  -> (artifact id: '563beead0a243b5632f1750c452516e0') in 0.080732 seconds 
Number of asset objects unloaded after import = 2
========================================================================
Received Import Request.
  Time since last request: 14.423315 seconds.
  path: Assets/Scenario 3 Audio/plasmid descrip.mp3
  artifactKey: Guid(b5ce57b433249f241b6d0516d2d06f16) Importer(815301076,1909f56bfc062723c751e8b465ee728b)
Number of updated assets reloaded before import = 0
Start importing Assets/Scenario 3 Audio/plasmid descrip.mp3 using Guid(b5ce57b433249f241b6d0516d2d06f16) Importer(815301076,1909f56bfc062723c751e8b465ee728b)  -> (artifact id: '131d2e3e5184bb8606a9dd47af286d47') in 0.005881 seconds 
Number of asset objects unloaded after import = 2
========================================================================
Received Import Request.
  Time since last request: 111.188386 seconds.
  path: Assets/Scenario 3 Audio/ttsmaker-file-2024-8-2-4-20-53.mp3
  artifactKey: Guid(85dcd12dedf2da54097eeee98244900c) Importer(815301076,1909f56bfc062723c751e8b465ee728b)
Number of updated assets reloaded before import = 0
Start importing Assets/Scenario 3 Audio/ttsmaker-file-2024-8-2-4-20-53.mp3 using Guid(85dcd12dedf2da54097eeee98244900c) Importer(815301076,1909f56bfc062723c751e8b465ee728b)  -> (artifact id: 'fca1a5af66e323a7ff03ff6d8af24e58') in 0.005464 seconds 
Number of asset objects unloaded after import = 2
========================================================================
Received Import Request.
  Time since last request: 12.206571 seconds.
  path: Assets/Scenario 3 Audio/redplaques.mp3
  artifactKey: Guid(85dcd12dedf2da54097eeee98244900c) Importer(815301076,1909f56bfc062723c751e8b465ee728b)
Number of updated assets reloaded before import = 0
Start importing Assets/Scenario 3 Audio/redplaques.mp3 using Guid(85dcd12dedf2da54097eeee98244900c) Importer(815301076,1909f56bfc062723c751e8b465ee728b)  -> (artifact id: '199e68de57d4b5d617383cb182636975') in 0.004753 seconds 
Number of asset objects unloaded after import = 2
========================================================================
Received Import Request.
  Time since last request: 134.980721 seconds.
  path: Assets/logos&nameplaques/bacteria 1.png
  artifactKey: Guid(93150ff5f3dce2546bb4a408d42d1f6a) Importer(815301076,1909f56bfc062723c751e8b465ee728b)
Number of updated assets reloaded before import = 0
Start importing Assets/logos&nameplaques/bacteria 1.png using Guid(93150ff5f3dce2546bb4a408d42d1f6a) Importer(815301076,1909f56bfc062723c751e8b465ee728b)  -> (artifact id: 'f3fb3dba0333adf35e4c8fec1a331de4') in 0.008500 seconds 
Number of asset objects unloaded after import = 2
========================================================================
Received Import Request.
  Time since last request: 0.004835 seconds.
  path: Assets/logos&nameplaques/fungus 1.png
  artifactKey: Guid(8e9f05027be58304584b7d9f2b5be0ad) Importer(815301076,1909f56bfc062723c751e8b465ee728b)
Number of updated assets reloaded before import = 0
Start importing Assets/logos&nameplaques/fungus 1.png using Guid(8e9f05027be58304584b7d9f2b5be0ad) Importer(815301076,1909f56bfc062723c751e8b465ee728b)  -> (artifact id: '2703638c6d51241ecc817712ac4fdfd1') in 0.006090 seconds 
Number of asset objects unloaded after import = 2
========================================================================
Received Import Request.
  Time since last request: 0.012669 seconds.
  path: Assets/logos&nameplaques/Group 24.png
  artifactKey: Guid(06416efe6d5a6e2469d0e9eefb62cc95) Importer(815301076,1909f56bfc062723c751e8b465ee728b)
Number of updated assets reloaded before import = 0
Start importing Assets/logos&nameplaques/Group 24.png using Guid(06416efe6d5a6e2469d0e9eefb62cc95) Importer(815301076,1909f56bfc062723c751e8b465ee728b)  -> (artifact id: 'fded9f2e9b341ebcdea1a5de749f0d67') in 0.008081 seconds 
Number of asset objects unloaded after import = 2
========================================================================
Received Import Request.
  Time since last request: 0.000019 seconds.
  path: Assets/logos&nameplaques/Group 23.png
  artifactKey: Guid(734ceba4494f162449d762965638c8c1) Importer(815301076,1909f56bfc062723c751e8b465ee728b)
Number of updated assets reloaded before import = 0
Start importing Assets/logos&nameplaques/Group 23.png using Guid(734ceba4494f162449d762965638c8c1) Importer(815301076,1909f56bfc062723c751e8b465ee728b)  -> (artifact id: 'a80a04d0ed2b220d1d62e1e36644b862') in 0.011370 seconds 
Number of asset objects unloaded after import = 2
========================================================================
Received Import Request.
  Time since last request: 0.000026 seconds.
  path: Assets/logos&nameplaques/Group 26.png
  artifactKey: Guid(22d656043aaa68842907c6a45c57a87a) Importer(815301076,1909f56bfc062723c751e8b465ee728b)
Number of updated assets reloaded before import = 0
Start importing Assets/logos&nameplaques/Group 26.png using Guid(22d656043aaa68842907c6a45c57a87a) Importer(815301076,1909f56bfc062723c751e8b465ee728b)  -> (artifact id: '2ee16db8fe2f8ce576e4ac961edfb885') in 0.007886 seconds 
Number of asset objects unloaded after import = 2
========================================================================
Received Import Request.
  Time since last request: 0.000016 seconds.
  path: Assets/logos&nameplaques/Group 28.png
  artifactKey: Guid(10f573a814edad94192a2aedb59dc24a) Importer(815301076,1909f56bfc062723c751e8b465ee728b)
Number of updated assets reloaded before import = 0
Start importing Assets/logos&nameplaques/Group 28.png using Guid(10f573a814edad94192a2aedb59dc24a) Importer(815301076,1909f56bfc062723c751e8b465ee728b)  -> (artifact id: '448cf8687159851f83fe710a3d708853') in 0.009774 seconds 
Number of asset objects unloaded after import = 2
========================================================================
Received Import Request.
  Time since last request: 16.614581 seconds.
  path: Assets/logos&nameplaques/bacteriophage 1.png
  artifactKey: Guid(4bb092ceb39133144839e4ae0e5cb365) Importer(815301076,1909f56bfc062723c751e8b465ee728b)
Number of updated assets reloaded before import = 0
Start importing Assets/logos&nameplaques/bacteriophage 1.png using Guid(4bb092ceb39133144839e4ae0e5cb365) Importer(815301076,1909f56bfc062723c751e8b465ee728b)  -> (artifact id: '13ef099e27a323d6f1149c206e1d9a04') in 0.024434 seconds 
Number of asset objects unloaded after import = 3
========================================================================
Received Import Request.
  Time since last request: 0.000014 seconds.
  path: Assets/logos&nameplaques/Group 25.png
  artifactKey: Guid(d9a2d4931b8023f4c9f659ef0010f284) Importer(815301076,1909f56bfc062723c751e8b465ee728b)
Number of updated assets reloaded before import = 0
Start importing Assets/logos&nameplaques/Group 25.png using Guid(d9a2d4931b8023f4c9f659ef0010f284) Importer(815301076,1909f56bfc062723c751e8b465ee728b)  -> (artifact id: '13d0ec4591a69c360506a39772e1f651') in 0.018804 seconds 
Number of asset objects unloaded after import = 3
========================================================================
Received Import Request.
  Time since last request: 0.000015 seconds.
  path: Assets/logos&nameplaques/Group 23.png
  artifactKey: Guid(734ceba4494f162449d762965638c8c1) Importer(815301076,1909f56bfc062723c751e8b465ee728b)
Number of updated assets reloaded before import = 0
Start importing Assets/logos&nameplaques/Group 23.png using Guid(734ceba4494f162449d762965638c8c1) Importer(815301076,1909f56bfc062723c751e8b465ee728b)  -> (artifact id: '13256cd8e5c5286f4c08147d629fbc5a') in 0.038369 seconds 
Number of asset objects unloaded after import = 3
Editor requested this worker to shutdown with reason: Scaling down because of idle timeout
AssetImportWorkerClient::OnTransportError - code=2 error=End of file
AssetImportWorker is now disconnected from the server
Process exiting
Exiting without the bug reporter. Application will terminate with return code 0